[debug] [2022-02-15T11:53:37.208Z] ----------------------------------------------------------------------
[debug] [2022-02-15T11:53:37.210Z] Command:       C:\Program Files\nodejs\node.exe C:\Users\baris\AppData\Roaming\npm\node_modules\firebase-tools\lib\bin\firebase.js emulators:start
[debug] [2022-02-15T11:53:37.211Z] CLI Version:   10.2.0
[debug] [2022-02-15T11:53:37.211Z] Platform:      win32
[debug] [2022-02-15T11:53:37.211Z] Node Version:  v14.17.3
[debug] [2022-02-15T11:53:37.220Z] Time:          Tue Feb 15 2022 14:53:37 GMT+0300 (GMT+03:00)
[debug] [2022-02-15T11:53:37.220Z] ----------------------------------------------------------------------
[debug] 
[debug] [2022-02-15T11:53:37.323Z] > command requires scopes: ["email","openid","https://www.googleapis.com/auth/cloudplatformprojects.readonly","https://www.googleapis.com/auth/firebase","https://www.googleapis.com/auth/cloud-platform"]
[debug] [2022-02-15T11:53:37.324Z] > authorizing via signed-in user (barisberkemalkoc@gmail.com)
[info] i  emulators: Starting emulators: hosting {"metadata":{"emulator":{"name":"hub"},"message":"Starting emulators: hosting"}}
[debug] [2022-02-15T11:53:37.389Z] [hub] writing locator at C:\Users\baris\AppData\Local\Temp\hub-challenge-2c96a.json
[debug] [2022-02-15T11:53:37.713Z] > refreshing access token with scopes: []
[debug] [2022-02-15T11:53:37.714Z] >>> HTTP REQUEST POST https://www.googleapis.com/oauth2/v3/token  
 <request body omitted>
[debug] [2022-02-15T11:53:38.074Z] <<< HTTP RESPONSE 200 {"cache-control":"no-cache, no-store, max-age=0, must-revalidate","pragma":"no-cache","date":"Tue, 15 Feb 2022 11:53:37 GMT","expires":"Mon, 01 Jan 1990 00:00:00 GMT","content-type":"application/json; charset=utf-8","vary":"X-Origin, Referer, Origin,Accept-Encoding","server":"scaffolding on HTTPServer2","x-xss-protection":"0","x-frame-options":"SAMEORIGIN","x-content-type-options":"nosniff","alt-svc":"h3=\":443\"; ma=2592000,h3-29=\":443\"; ma=2592000,h3-Q050=\":443\"; ma=2592000,h3-Q046=\":443\"; ma=2592000,h3-Q043=\":443\"; ma=2592000,quic=\":443\"; ma=2592000; v=\"46,43\"","accept-ranges":"none","transfer-encoding":"chunked"}
[debug] [2022-02-15T11:53:38.091Z] >>> [apiv2][query] GET https://firebasehosting.googleapis.com/v1beta1/projects/challenge-2c96a/sites 
[debug] [2022-02-15T11:53:39.298Z] <<< [apiv2][status] GET https://firebasehosting.googleapis.com/v1beta1/projects/challenge-2c96a/sites 200
[debug] [2022-02-15T11:53:39.299Z] <<< [apiv2][body] GET https://firebasehosting.googleapis.com/v1beta1/projects/challenge-2c96a/sites {"sites":[{"name":"projects/1072246980605/sites/challenge-2c96a","defaultUrl":"https://challenge-2c96a.web.app","appId":"1:1072246980605:web:62b1c7e0db447a5cdce394","type":"DEFAULT_SITE"}]}
[debug] [2022-02-15T11:53:39.300Z] >>> [apiv2][query] GET https://firebase.googleapis.com/v1beta1/projects/challenge-2c96a/webApps/1:1072246980605:web:62b1c7e0db447a5cdce394/config [none]
[debug] [2022-02-15T11:53:40.421Z] <<< [apiv2][status] GET https://firebase.googleapis.com/v1beta1/projects/challenge-2c96a/webApps/1:1072246980605:web:62b1c7e0db447a5cdce394/config 200
[debug] [2022-02-15T11:53:40.422Z] <<< [apiv2][body] GET https://firebase.googleapis.com/v1beta1/projects/challenge-2c96a/webApps/1:1072246980605:web:62b1c7e0db447a5cdce394/config {"projectId":"challenge-2c96a","appId":"1:1072246980605:web:62b1c7e0db447a5cdce394","storageBucket":"challenge-2c96a.appspot.com","locationId":"us-central","apiKey":"AIzaSyDNAg6-TPj4VMd3PgK8MnIepus5EsFODWQ","authDomain":"challenge-2c96a.firebaseapp.com","messagingSenderId":"1072246980605","measurementId":"G-2DB7RWEF96"}
[info] i  hosting: Serving hosting files from: build {"metadata":{"emulator":{"name":"hosting"},"message":"Serving hosting files from: \u001b[1mbuild\u001b[22m"}}
[info] +  hosting: Local server: http://localhost:5000 {"metadata":{"emulator":{"name":"hosting"},"message":"Local server: \u001b[4m\u001b[1mhttp://localhost:5000\u001b[22m\u001b[24m"}}
[warn] !  emulators: The Emulator UI requires a project ID to start. Configure your default project with 'firebase use' or pass the --project flag. {"metadata":{"emulator":{"name":"hub"},"message":"The Emulator UI requires a project ID to start. Configure your default project with 'firebase use' or pass the --project flag."}}
[info] 
┌─────────────────────────────────────────────────────────────┐
│ ✔  All emulators ready! It is now safe to connect your app. │
└─────────────────────────────────────────────────────────────┘

┌──────────┬────────────────┐
│ Emulator │ Host:Port      │
├──────────┼────────────────┤
│ Hosting  │ localhost:5000 │
└──────────┴────────────────┘
  Emulator Hub running at localhost:4400
  Other reserved ports: None

Issues? Report them at https://github.com/firebase/firebase-tools/issues and attach the *-debug.log files.
 
