[debug] [2022-02-14T18:45:00.719Z] ----------------------------------------------------------------------
[debug] [2022-02-14T18:45:00.721Z] Command:       C:\Program Files\nodejs\node.exe C:\Users\baris\AppData\Roaming\npm\node_modules\firebase-tools\lib\bin\firebase.js init
[debug] [2022-02-14T18:45:00.722Z] CLI Version:   10.1.5
[debug] [2022-02-14T18:45:00.722Z] Platform:      win32
[debug] [2022-02-14T18:45:00.722Z] Node Version:  v14.17.3
[debug] [2022-02-14T18:45:00.731Z] Time:          Mon Feb 14 2022 21:45:00 GMT+0300 (GMT+03:00)
[debug] [2022-02-14T18:45:00.731Z] ----------------------------------------------------------------------
[debug] 
[debug] [2022-02-14T18:45:00.735Z] >>> [apiv2][query] GET https://firebase-public.firebaseio.com/cli.json [none]
[debug] [2022-02-14T18:45:00.845Z] > command requires scopes: ["email","openid","https://www.googleapis.com/auth/cloudplatformprojects.readonly","https://www.googleapis.com/auth/firebase","https://www.googleapis.com/auth/cloud-platform"]
[debug] [2022-02-14T18:45:00.845Z] > authorizing via signed-in user (barisberkemalkoc@gmail.com)
[info] 
     ######## #### ########  ######## ########     ###     ######  ########
     ##        ##  ##     ## ##       ##     ##  ##   ##  ##       ##
     ######    ##  ########  ######   ########  #########  ######  ######
     ##        ##  ##    ##  ##       ##     ## ##     ##       ## ##
     ##       #### ##     ## ######## ########  ##     ##  ######  ########

You're about to initialize a Firebase project in this directory:

  C:\bootcamp\amazon-clone

Before we get started, keep in mind:

  * You are currently outside your home directory
  * You are initializing within an existing Firebase project directory

[debug] [2022-02-14T18:45:01.930Z] <<< [apiv2][status] GET https://firebase-public.firebaseio.com/cli.json 200
[debug] [2022-02-14T18:45:01.930Z] <<< [apiv2][body] GET https://firebase-public.firebaseio.com/cli.json {"cloudBuildErrorAfter":1594252800000,"cloudBuildWarnAfter":1590019200000,"defaultNode10After":1594252800000,"minVersion":"3.0.5","node8DeploysDisabledAfter":1613390400000,"node8RuntimeDisabledAfter":1615809600000,"node8WarnAfter":1600128000000}
[debug] [2022-02-14T18:45:14.486Z] ----------------------------------------------------------------------
[debug] [2022-02-14T18:45:14.490Z] Command:       C:\Program Files\nodejs\node.exe C:\Users\baris\AppData\Roaming\npm\node_modules\firebase-tools\lib\bin\firebase.js deploy
[debug] [2022-02-14T18:45:14.491Z] CLI Version:   10.1.5
[debug] [2022-02-14T18:45:14.491Z] Platform:      win32
[debug] [2022-02-14T18:45:14.491Z] Node Version:  v14.17.3
[debug] [2022-02-14T18:45:14.493Z] Time:          Mon Feb 14 2022 21:45:14 GMT+0300 (GMT+03:00)
[debug] [2022-02-14T18:45:14.493Z] ----------------------------------------------------------------------
[debug] 
[debug] [2022-02-14T18:45:14.582Z] > command requires scopes: ["email","openid","https://www.googleapis.com/auth/cloudplatformprojects.readonly","https://www.googleapis.com/auth/firebase","https://www.googleapis.com/auth/cloud-platform"]
[debug] [2022-02-14T18:45:14.582Z] > authorizing via signed-in user (barisberkemalkoc@gmail.com)
[debug] [2022-02-14T18:45:14.582Z] [iam] checking project challenge-2c96a for permissions ["cloudfunctions.functions.create","cloudfunctions.functions.delete","cloudfunctions.functions.get","cloudfunctions.functions.list","cloudfunctions.functions.update","cloudfunctions.operations.get","firebase.projects.get","firebasehosting.sites.update"]
[debug] [2022-02-14T18:45:14.584Z] > refreshing access token with scopes: []
[debug] [2022-02-14T18:45:14.585Z] >>> HTTP REQUEST POST https://www.googleapis.com/oauth2/v3/token  
 <request body omitted>
[debug] [2022-02-14T18:45:14.927Z] <<< HTTP RESPONSE 200 {"expires":"Mon, 01 Jan 1990 00:00:00 GMT","date":"Mon, 14 Feb 2022 18:45:14 GMT","pragma":"no-cache","cache-control":"no-cache, no-store, max-age=0, must-revalidate","content-type":"application/json; charset=utf-8","vary":"X-Origin, Referer, Origin,Accept-Encoding","server":"scaffolding on HTTPServer2","x-xss-protection":"0","x-frame-options":"SAMEORIGIN","x-content-type-options":"nosniff","alt-svc":"h3=\":443\"; ma=2592000,h3-29=\":443\"; ma=2592000,h3-Q050=\":443\"; ma=2592000,h3-Q046=\":443\"; ma=2592000,h3-Q043=\":443\"; ma=2592000,quic=\":443\"; ma=2592000; v=\"46,43\"","accept-ranges":"none","transfer-encoding":"chunked"}
[debug] [2022-02-14T18:45:14.944Z] >>> [apiv2][query] POST https://cloudresourcemanager.googleapis.com/v1/projects/challenge-2c96a:testIamPermissions [none]
[debug] [2022-02-14T18:45:14.945Z] >>> [apiv2][body] POST https://cloudresourcemanager.googleapis.com/v1/projects/challenge-2c96a:testIamPermissions {"permissions":["cloudfunctions.functions.create","cloudfunctions.functions.delete","cloudfunctions.functions.get","cloudfunctions.functions.list","cloudfunctions.functions.update","cloudfunctions.operations.get","firebase.projects.get","firebasehosting.sites.update"]}
[debug] [2022-02-14T18:45:16.013Z] <<< [apiv2][status] POST https://cloudresourcemanager.googleapis.com/v1/projects/challenge-2c96a:testIamPermissions 200
[debug] [2022-02-14T18:45:16.013Z] <<< [apiv2][body] POST https://cloudresourcemanager.googleapis.com/v1/projects/challenge-2c96a:testIamPermissions {"permissions":["cloudfunctions.functions.create","cloudfunctions.functions.delete","cloudfunctions.functions.get","cloudfunctions.functions.list","cloudfunctions.functions.update","cloudfunctions.operations.get","firebase.projects.get","firebasehosting.sites.update"]}
[debug] [2022-02-14T18:45:16.014Z] >>> [apiv2][query] POST https://iam.googleapis.com/v1/projects/challenge-2c96a/serviceAccounts/challenge-2c96a@appspot.gserviceaccount.com:testIamPermissions [none]
[debug] [2022-02-14T18:45:16.015Z] >>> [apiv2][body] POST https://iam.googleapis.com/v1/projects/challenge-2c96a/serviceAccounts/challenge-2c96a@appspot.gserviceaccount.com:testIamPermissions {"permissions":["iam.serviceAccounts.actAs"]}
[debug] [2022-02-14T18:45:17.011Z] <<< [apiv2][status] POST https://iam.googleapis.com/v1/projects/challenge-2c96a/serviceAccounts/challenge-2c96a@appspot.gserviceaccount.com:testIamPermissions 200
[debug] [2022-02-14T18:45:17.012Z] <<< [apiv2][body] POST https://iam.googleapis.com/v1/projects/challenge-2c96a/serviceAccounts/challenge-2c96a@appspot.gserviceaccount.com:testIamPermissions {"permissions":["iam.serviceAccounts.actAs"]}
[debug] [2022-02-14T18:45:17.013Z] >>> [apiv2][query] GET https://firebase.googleapis.com/v1beta1/projects/challenge-2c96a [none]
[debug] [2022-02-14T18:45:17.498Z] <<< [apiv2][status] GET https://firebase.googleapis.com/v1beta1/projects/challenge-2c96a 200
[debug] [2022-02-14T18:45:17.499Z] <<< [apiv2][body] GET https://firebase.googleapis.com/v1beta1/projects/challenge-2c96a {"projectId":"challenge-2c96a","projectNumber":"1072246980605","displayName":"amazon-challenge","name":"projects/challenge-2c96a","resources":{"hostingSite":"challenge-2c96a","storageBucket":"challenge-2c96a.appspot.com","locationId":"us-central"},"state":"ACTIVE"}
[info] 
[info] === Deploying to 'challenge-2c96a'...
[info] 
[info] i  deploying functions, hosting 
[debug] [2022-02-14T18:45:17.763Z] TypeError [ERR_INVALID_ARG_TYPE]: The "path" argument must be of type string. Received undefined
    at validateString (internal/validators.js:124:11)
    at Object.join (path.js:424:7)
    at Config.path (C:\Users\baris\AppData\Roaming\npm\node_modules\firebase-tools\lib\config.js:115:45)
    at getChildEnvironment (C:\Users\baris\AppData\Roaming\npm\node_modules\firebase-tools\lib\deploy\lifecycleHooks.js:50:49)
    at runTargetCommands (C:\Users\baris\AppData\Roaming\npm\node_modules\firebase-tools\lib\deploy\lifecycleHooks.js:71:14)
    at C:\Users\baris\AppData\Roaming\npm\node_modules\firebase-tools\lib\deploy\lifecycleHooks.js:122:24
    at processTicksAndRejections (internal/process/task_queues.js:95:5)
[error] 
[error] Error: An unexpected error has occurred.
[debug] [2022-02-14T18:45:58.846Z] ----------------------------------------------------------------------
[debug] [2022-02-14T18:45:58.848Z] Command:       C:\Program Files\nodejs\node.exe C:\Users\baris\AppData\Roaming\npm\node_modules\firebase-tools\lib\bin\firebase.js deploy
[debug] [2022-02-14T18:45:58.849Z] CLI Version:   10.2.0
[debug] [2022-02-14T18:45:58.849Z] Platform:      win32
[debug] [2022-02-14T18:45:58.849Z] Node Version:  v14.17.3
[debug] [2022-02-14T18:45:58.850Z] Time:          Mon Feb 14 2022 21:45:58 GMT+0300 (GMT+03:00)
[debug] [2022-02-14T18:45:58.850Z] ----------------------------------------------------------------------
[debug] 
[debug] [2022-02-14T18:45:58.936Z] > command requires scopes: ["email","openid","https://www.googleapis.com/auth/cloudplatformprojects.readonly","https://www.googleapis.com/auth/firebase","https://www.googleapis.com/auth/cloud-platform"]
[debug] [2022-02-14T18:45:58.936Z] > authorizing via signed-in user (barisberkemalkoc@gmail.com)
[debug] [2022-02-14T18:45:58.936Z] [iam] checking project challenge-2c96a for permissions ["cloudfunctions.functions.create","cloudfunctions.functions.delete","cloudfunctions.functions.get","cloudfunctions.functions.list","cloudfunctions.functions.update","cloudfunctions.operations.get","firebase.projects.get","firebasehosting.sites.update"]
[debug] [2022-02-14T18:45:58.939Z] >>> [apiv2][query] POST https://cloudresourcemanager.googleapis.com/v1/projects/challenge-2c96a:testIamPermissions [none]
[debug] [2022-02-14T18:45:58.939Z] >>> [apiv2][body] POST https://cloudresourcemanager.googleapis.com/v1/projects/challenge-2c96a:testIamPermissions {"permissions":["cloudfunctions.functions.create","cloudfunctions.functions.delete","cloudfunctions.functions.get","cloudfunctions.functions.list","cloudfunctions.functions.update","cloudfunctions.operations.get","firebase.projects.get","firebasehosting.sites.update"]}
[debug] [2022-02-14T18:45:59.931Z] <<< [apiv2][status] POST https://cloudresourcemanager.googleapis.com/v1/projects/challenge-2c96a:testIamPermissions 200
[debug] [2022-02-14T18:45:59.931Z] <<< [apiv2][body] POST https://cloudresourcemanager.googleapis.com/v1/projects/challenge-2c96a:testIamPermissions {"permissions":["cloudfunctions.functions.create","cloudfunctions.functions.delete","cloudfunctions.functions.get","cloudfunctions.functions.list","cloudfunctions.functions.update","cloudfunctions.operations.get","firebase.projects.get","firebasehosting.sites.update"]}
[debug] [2022-02-14T18:45:59.933Z] >>> [apiv2][query] POST https://iam.googleapis.com/v1/projects/challenge-2c96a/serviceAccounts/challenge-2c96a@appspot.gserviceaccount.com:testIamPermissions [none]
[debug] [2022-02-14T18:45:59.933Z] >>> [apiv2][body] POST https://iam.googleapis.com/v1/projects/challenge-2c96a/serviceAccounts/challenge-2c96a@appspot.gserviceaccount.com:testIamPermissions {"permissions":["iam.serviceAccounts.actAs"]}
[debug] [2022-02-14T18:46:01.239Z] <<< [apiv2][status] POST https://iam.googleapis.com/v1/projects/challenge-2c96a/serviceAccounts/challenge-2c96a@appspot.gserviceaccount.com:testIamPermissions 200
[debug] [2022-02-14T18:46:01.239Z] <<< [apiv2][body] POST https://iam.googleapis.com/v1/projects/challenge-2c96a/serviceAccounts/challenge-2c96a@appspot.gserviceaccount.com:testIamPermissions {"permissions":["iam.serviceAccounts.actAs"]}
[debug] [2022-02-14T18:46:01.242Z] >>> [apiv2][query] GET https://firebase.googleapis.com/v1beta1/projects/challenge-2c96a [none]
[debug] [2022-02-14T18:46:01.720Z] <<< [apiv2][status] GET https://firebase.googleapis.com/v1beta1/projects/challenge-2c96a 200
[debug] [2022-02-14T18:46:01.720Z] <<< [apiv2][body] GET https://firebase.googleapis.com/v1beta1/projects/challenge-2c96a {"projectId":"challenge-2c96a","projectNumber":"1072246980605","displayName":"amazon-challenge","name":"projects/challenge-2c96a","resources":{"hostingSite":"challenge-2c96a","storageBucket":"challenge-2c96a.appspot.com","locationId":"us-central"},"state":"ACTIVE"}
[info] 
[info] === Deploying to 'challenge-2c96a'...
[info] 
[info] i  deploying functions, hosting 
[debug] [2022-02-14T18:46:01.979Z] TypeError [ERR_INVALID_ARG_TYPE]: The "path" argument must be of type string. Received undefined
    at validateString (internal/validators.js:124:11)
    at Object.join (path.js:424:7)
    at Config.path (C:\Users\baris\AppData\Roaming\npm\node_modules\firebase-tools\lib\config.js:115:45)
    at getChildEnvironment (C:\Users\baris\AppData\Roaming\npm\node_modules\firebase-tools\lib\deploy\lifecycleHooks.js:50:49)
    at runTargetCommands (C:\Users\baris\AppData\Roaming\npm\node_modules\firebase-tools\lib\deploy\lifecycleHooks.js:71:14)
    at C:\Users\baris\AppData\Roaming\npm\node_modules\firebase-tools\lib\deploy\lifecycleHooks.js:122:24
    at processTicksAndRejections (internal/process/task_queues.js:95:5)
[error] 
[error] Error: An unexpected error has occurred.
[debug] [2022-02-14T18:46:17.003Z] ----------------------------------------------------------------------
[debug] [2022-02-14T18:46:17.005Z] Command:       C:\Program Files\nodejs\node.exe C:\Users\baris\AppData\Roaming\npm\node_modules\firebase-tools\lib\bin\firebase.js deploy --only functions
[debug] [2022-02-14T18:46:17.005Z] CLI Version:   10.2.0
[debug] [2022-02-14T18:46:17.005Z] Platform:      win32
[debug] [2022-02-14T18:46:17.006Z] Node Version:  v14.17.3
[debug] [2022-02-14T18:46:17.007Z] Time:          Mon Feb 14 2022 21:46:17 GMT+0300 (GMT+03:00)
[debug] [2022-02-14T18:46:17.007Z] ----------------------------------------------------------------------
[debug] 
[debug] [2022-02-14T18:46:17.085Z] > command requires scopes: ["email","openid","https://www.googleapis.com/auth/cloudplatformprojects.readonly","https://www.googleapis.com/auth/firebase","https://www.googleapis.com/auth/cloud-platform"]
[debug] [2022-02-14T18:46:17.085Z] > authorizing via signed-in user (barisberkemalkoc@gmail.com)
[debug] [2022-02-14T18:46:17.086Z] [iam] checking project challenge-2c96a for permissions ["cloudfunctions.functions.create","cloudfunctions.functions.delete","cloudfunctions.functions.get","cloudfunctions.functions.list","cloudfunctions.functions.update","cloudfunctions.operations.get","firebase.projects.get"]
[debug] [2022-02-14T18:46:17.088Z] >>> [apiv2][query] POST https://cloudresourcemanager.googleapis.com/v1/projects/challenge-2c96a:testIamPermissions [none]
[debug] [2022-02-14T18:46:17.088Z] >>> [apiv2][body] POST https://cloudresourcemanager.googleapis.com/v1/projects/challenge-2c96a:testIamPermissions {"permissions":["cloudfunctions.functions.create","cloudfunctions.functions.delete","cloudfunctions.functions.get","cloudfunctions.functions.list","cloudfunctions.functions.update","cloudfunctions.operations.get","firebase.projects.get"]}
[debug] [2022-02-14T18:46:18.100Z] <<< [apiv2][status] POST https://cloudresourcemanager.googleapis.com/v1/projects/challenge-2c96a:testIamPermissions 200
[debug] [2022-02-14T18:46:18.101Z] <<< [apiv2][body] POST https://cloudresourcemanager.googleapis.com/v1/projects/challenge-2c96a:testIamPermissions {"permissions":["cloudfunctions.functions.create","cloudfunctions.functions.delete","cloudfunctions.functions.get","cloudfunctions.functions.list","cloudfunctions.functions.update","cloudfunctions.operations.get","firebase.projects.get"]}
[debug] [2022-02-14T18:46:18.102Z] >>> [apiv2][query] POST https://iam.googleapis.com/v1/projects/challenge-2c96a/serviceAccounts/challenge-2c96a@appspot.gserviceaccount.com:testIamPermissions [none]
[debug] [2022-02-14T18:46:18.102Z] >>> [apiv2][body] POST https://iam.googleapis.com/v1/projects/challenge-2c96a/serviceAccounts/challenge-2c96a@appspot.gserviceaccount.com:testIamPermissions {"permissions":["iam.serviceAccounts.actAs"]}
[debug] [2022-02-14T18:46:18.996Z] <<< [apiv2][status] POST https://iam.googleapis.com/v1/projects/challenge-2c96a/serviceAccounts/challenge-2c96a@appspot.gserviceaccount.com:testIamPermissions 200
[debug] [2022-02-14T18:46:18.996Z] <<< [apiv2][body] POST https://iam.googleapis.com/v1/projects/challenge-2c96a/serviceAccounts/challenge-2c96a@appspot.gserviceaccount.com:testIamPermissions {"permissions":["iam.serviceAccounts.actAs"]}
[info] 
[info] === Deploying to 'challenge-2c96a'...
[info] 
[info] i  deploying functions 
[debug] [2022-02-14T18:46:19.220Z] TypeError [ERR_INVALID_ARG_TYPE]: The "path" argument must be of type string. Received undefined
    at validateString (internal/validators.js:124:11)
    at Object.join (path.js:424:7)
    at Config.path (C:\Users\baris\AppData\Roaming\npm\node_modules\firebase-tools\lib\config.js:115:45)
    at getChildEnvironment (C:\Users\baris\AppData\Roaming\npm\node_modules\firebase-tools\lib\deploy\lifecycleHooks.js:50:49)
    at runTargetCommands (C:\Users\baris\AppData\Roaming\npm\node_modules\firebase-tools\lib\deploy\lifecycleHooks.js:71:14)
    at C:\Users\baris\AppData\Roaming\npm\node_modules\firebase-tools\lib\deploy\lifecycleHooks.js:122:24
    at processTicksAndRejections (internal/process/task_queues.js:95:5)
[error] 
[error] Error: An unexpected error has occurred.
